12/14/2023 23:12:43 - INFO - args -   data_name: Man
12/14/2023 23:12:43 - INFO - args -   task: task1
12/14/2023 23:12:43 - INFO - args -   rg_loss_fn: tweedie
12/14/2023 23:12:43 - INFO - args -   device: cuda
12/14/2023 23:12:43 - INFO - args -   train_path: data/Man/task1/train/triplet_percentage.tsv
12/14/2023 23:12:43 - INFO - args -   test_path: data/Man/task1/test/triplet_percentage.tsv
12/14/2023 23:12:43 - INFO - args -   eval_path: data/Man/task1/eval/triplet_percentage.tsv
12/14/2023 23:12:43 - INFO - args -   mode: train
12/14/2023 23:12:43 - INFO - args -   time: no
12/14/2023 23:12:43 - INFO - args -   fix_emb: no
12/14/2023 23:12:43 - INFO - args -   fix_model: yes
12/14/2023 23:12:43 - INFO - args -   cross_attn: yes
12/14/2023 23:12:43 - INFO - args -   gaussian: yes
12/14/2023 23:12:43 - INFO - args -   bias: yes
12/14/2023 23:12:43 - INFO - args -   owner_id: new
12/14/2023 23:12:43 - INFO - args -   rg_activate_fn: softplus
12/14/2023 23:12:43 - INFO - args -   num_epochs: 2000
12/14/2023 23:12:43 - INFO - args -   eval_step: 50
12/14/2023 23:12:43 - INFO - args -   e_dim: 10
12/14/2023 23:12:43 - INFO - args -   sample_size: 3000
12/14/2023 23:12:43 - INFO - args -   lr: 0.0001
12/14/2023 23:12:43 - INFO - args -   rg_weight: 100.0
12/14/2023 23:12:43 - INFO - args -   lp_weight: 1.0
12/14/2023 23:12:43 - INFO - args -   rank_weight: 0.1
12/14/2023 23:12:43 - INFO - args -   con_weight: 0.05
12/14/2023 23:12:43 - INFO - args -   diff_weight: 1.0
12/14/2023 23:12:43 - INFO - args -   seed: 0
12/14/2023 23:12:43 - INFO - args -   k: 3
12/14/2023 23:12:43 - INFO - args -   initial_embedding: no
12/14/2023 23:12:43 - INFO - args -   date: 1
12/14/2023 23:12:43 - INFO - args -   load_state_path: None
12/14/2023 23:12:43 - INFO - args -   load_node_embedding_path: None
12/14/2023 23:12:43 - INFO - args -   load_time_embedding_path: None
12/14/2023 23:12:43 - INFO - args -   start_date: None
12/14/2023 23:12:43 - INFO - args -   task2_strategy: last
12/14/2023 23:12:43 - INFO - args -   adaptive: yes
12/14/2023 23:12:43 - INFO - args -   root_dir: epoch_2000_k_3_lr_0.0001_initalembed_no_seed_0/
12/14/2023 23:12:43 - INFO - args -   identity: rglossfn_tweedie_activate_softplus_rgweight_100.0_lpweight_1.0_rankweight_0.1_conweight_0.05_gaussian_yes_crossattn_yes_bias_yes
12/14/2023 23:12:43 - INFO - args -   checkpoint_path: outputs/new_checkpoints/task1/Man/epoch_2000_k_3_lr_0.0001_initalembed_no_seed_0/rglossfn_tweedie_activate_softplus_rgweight_100.0_lpweight_1.0_rankweight_0.1_conweight_0.05_gaussian_yes_crossattn_yes_bias_yes.pt
12/14/2023 23:12:43 - INFO - args -   log_path: outputs/new_logs/task1/Man/train/epoch_2000_k_3_lr_0.0001_initalembed_no_seed_0/rglossfn_tweedie_activate_softplus_rgweight_100.0_lpweight_1.0_rankweight_0.1_conweight_0.05_gaussian_yes_crossattn_yes_bias_yes.log
12/14/2023 23:12:43 - INFO - args -   results_path: outputs/new_results/task1/Man/train/epoch_2000_k_3_lr_0.0001_initalembed_no_seed_0/rglossfn_tweedie_activate_softplus_rgweight_100.0_lpweight_1.0_rankweight_0.1_conweight_0.05_gaussian_yes_crossattn_yes_bias_yes.pt
12/14/2023 23:12:43 - INFO - args -   scores_path: outputs/new_scores/task1/Man/train/epoch_2000_k_3_lr_0.0001_initalembed_no_seed_0/rglossfn_tweedie_activate_softplus_rgweight_100.0_lpweight_1.0_rankweight_0.1_conweight_0.05_gaussian_yes_crossattn_yes_bias_yes.pt
12/14/2023 23:12:43 - INFO - args -   node_embedding_path: outputs/new_node_embedding/task1/Man/train/epoch_2000_k_3_lr_0.0001_initalembed_no_seed_0/rglossfn_tweedie_activate_softplus_rgweight_100.0_lpweight_1.0_rankweight_0.1_conweight_0.05_gaussian_yes_crossattn_yes_bias_yes_node.pt
12/14/2023 23:12:44 - WARN - matplotlib -   Duplicate key in file PosixPath('/opt/conda/envs/pyg/lib/python3.8/site-packages/matplotlib/mpl-data/matplotlibrc'), line 768 ('font.family : sans-serif ')
12/14/2023 23:12:44 - WARN - matplotlib -   Duplicate key in file PosixPath('/opt/conda/envs/pyg/lib/python3.8/site-packages/matplotlib/mpl-data/matplotlibrc'), line 769 ('font.sans-serif : SimHei ')
12/14/2023 23:12:44 - WARN - matplotlib -   Duplicate key in file PosixPath('/opt/conda/envs/pyg/lib/python3.8/site-packages/matplotlib/mpl-data/matplotlibrc'), line 770 ('axes.unicode_minus : False ')
12/14/2023 23:12:45 - INFO - mydataset -   # entities: 1188
12/14/2023 23:12:45 - INFO - mydataset -   # relations: 1
12/14/2023 23:12:45 - INFO - mydataset -   # training edges: 52574
12/14/2023 23:12:45 - INFO - mydataset -   # validation edges: 5842
12/14/2023 23:12:45 - INFO - mydataset -   # testing edges: 7102
12/14/2023 23:15:28 - INFO - args -   data_name: Man
12/14/2023 23:15:28 - INFO - args -   task: task1
12/14/2023 23:15:28 - INFO - args -   rg_loss_fn: tweedie
12/14/2023 23:15:28 - INFO - args -   device: cuda
12/14/2023 23:15:28 - INFO - args -   train_path: data/Man/task1/train/triplet_percentage.tsv
12/14/2023 23:15:28 - INFO - args -   test_path: data/Man/task1/test/triplet_percentage.tsv
12/14/2023 23:15:28 - INFO - args -   eval_path: data/Man/task1/eval/triplet_percentage.tsv
12/14/2023 23:15:28 - INFO - args -   mode: train
12/14/2023 23:15:28 - INFO - args -   time: no
12/14/2023 23:15:28 - INFO - args -   fix_emb: no
12/14/2023 23:15:28 - INFO - args -   fix_model: yes
12/14/2023 23:15:28 - INFO - args -   cross_attn: yes
12/14/2023 23:15:28 - INFO - args -   gaussian: yes
12/14/2023 23:15:28 - INFO - args -   bias: yes
12/14/2023 23:15:28 - INFO - args -   owner_id: new
12/14/2023 23:15:28 - INFO - args -   rg_activate_fn: softplus
12/14/2023 23:15:28 - INFO - args -   num_epochs: 2000
12/14/2023 23:15:28 - INFO - args -   eval_step: 50
12/14/2023 23:15:28 - INFO - args -   e_dim: 10
12/14/2023 23:15:28 - INFO - args -   sample_size: 3000
12/14/2023 23:15:28 - INFO - args -   lr: 0.0001
12/14/2023 23:15:28 - INFO - args -   rg_weight: 100.0
12/14/2023 23:15:28 - INFO - args -   lp_weight: 1.0
12/14/2023 23:15:28 - INFO - args -   rank_weight: 0.1
12/14/2023 23:15:28 - INFO - args -   con_weight: 0.05
12/14/2023 23:15:28 - INFO - args -   diff_weight: 1.0
12/14/2023 23:15:28 - INFO - args -   seed: 0
12/14/2023 23:15:28 - INFO - args -   k: 3
12/14/2023 23:15:28 - INFO - args -   initial_embedding: no
12/14/2023 23:15:28 - INFO - args -   date: 1
12/14/2023 23:15:28 - INFO - args -   load_state_path: None
12/14/2023 23:15:28 - INFO - args -   load_node_embedding_path: None
12/14/2023 23:15:28 - INFO - args -   load_time_embedding_path: None
12/14/2023 23:15:28 - INFO - args -   start_date: None
12/14/2023 23:15:28 - INFO - args -   task2_strategy: last
12/14/2023 23:15:28 - INFO - args -   adaptive: yes
12/14/2023 23:15:28 - INFO - args -   root_dir: epoch_2000_k_3_lr_0.0001_initalembed_no_seed_0/
12/14/2023 23:15:28 - INFO - args -   identity: rglossfn_tweedie_activate_softplus_rgweight_100.0_lpweight_1.0_rankweight_0.1_conweight_0.05_gaussian_yes_crossattn_yes_bias_yes
12/14/2023 23:15:28 - INFO - args -   checkpoint_path: outputs/new_checkpoints/task1/Man/epoch_2000_k_3_lr_0.0001_initalembed_no_seed_0/rglossfn_tweedie_activate_softplus_rgweight_100.0_lpweight_1.0_rankweight_0.1_conweight_0.05_gaussian_yes_crossattn_yes_bias_yes.pt
12/14/2023 23:15:28 - INFO - args -   log_path: outputs/new_logs/task1/Man/train/epoch_2000_k_3_lr_0.0001_initalembed_no_seed_0/rglossfn_tweedie_activate_softplus_rgweight_100.0_lpweight_1.0_rankweight_0.1_conweight_0.05_gaussian_yes_crossattn_yes_bias_yes.log
12/14/2023 23:15:28 - INFO - args -   results_path: outputs/new_results/task1/Man/train/epoch_2000_k_3_lr_0.0001_initalembed_no_seed_0/rglossfn_tweedie_activate_softplus_rgweight_100.0_lpweight_1.0_rankweight_0.1_conweight_0.05_gaussian_yes_crossattn_yes_bias_yes.pt
12/14/2023 23:15:28 - INFO - args -   scores_path: outputs/new_scores/task1/Man/train/epoch_2000_k_3_lr_0.0001_initalembed_no_seed_0/rglossfn_tweedie_activate_softplus_rgweight_100.0_lpweight_1.0_rankweight_0.1_conweight_0.05_gaussian_yes_crossattn_yes_bias_yes.pt
12/14/2023 23:15:28 - INFO - args -   node_embedding_path: outputs/new_node_embedding/task1/Man/train/epoch_2000_k_3_lr_0.0001_initalembed_no_seed_0/rglossfn_tweedie_activate_softplus_rgweight_100.0_lpweight_1.0_rankweight_0.1_conweight_0.05_gaussian_yes_crossattn_yes_bias_yes_node.pt
12/14/2023 23:15:29 - WARNING - matplotlib -   Duplicate key in file PosixPath('/opt/conda/lib/python3.8/site-packages/matplotlib/mpl-data/matplotlibrc'), line 768 ('font.family : sans-serif ')
12/14/2023 23:15:29 - WARNING - matplotlib -   Duplicate key in file PosixPath('/opt/conda/lib/python3.8/site-packages/matplotlib/mpl-data/matplotlibrc'), line 769 ('font.sans-serif : SimHei ')
12/14/2023 23:15:29 - WARNING - matplotlib -   Duplicate key in file PosixPath('/opt/conda/lib/python3.8/site-packages/matplotlib/mpl-data/matplotlibrc'), line 770 ('axes.unicode_minus : False ')
12/14/2023 23:15:29 - INFO - matplotlib.font_manager -   generated new fontManager
12/14/2023 23:15:31 - INFO - mydataset -   # entities: 1188
12/14/2023 23:15:31 - INFO - mydataset -   # relations: 1
12/14/2023 23:15:31 - INFO - mydataset -   # training edges: 52574
12/14/2023 23:15:31 - INFO - mydataset -   # validation edges: 5842
12/14/2023 23:15:31 - INFO - mydataset -   # testing edges: 7102
12/14/2023 23:17:01 - INFO - trainer -   epoch 49,step 50
12/14/2023 23:17:01 - INFO - trainer -   Trainloss:54703.2578125, lp_loss: 1628.89306640625, rg_loss:18.431673049926758, rank_loss: 5103.46875, con_loss: 5.757901668548584, kl_loss: 49391.1953125, diff_loss: 0.0
