12/14/2023 21:52:09 - INFO - args -   data_name: Fin
12/14/2023 21:52:09 - INFO - args -   task: task1
12/14/2023 21:52:09 - INFO - args -   rg_loss_fn: tweedie
12/14/2023 21:52:09 - INFO - args -   device: cuda
12/14/2023 21:52:09 - INFO - args -   train_path: data/Fin/task1/train/triplet_percentage.tsv
12/14/2023 21:52:09 - INFO - args -   test_path: data/Fin/task1/test/triplet_percentage.tsv
12/14/2023 21:52:09 - INFO - args -   eval_path: data/Fin/task1/eval/triplet_percentage.tsv
12/14/2023 21:52:09 - INFO - args -   mode: train
12/14/2023 21:52:09 - INFO - args -   time: no
12/14/2023 21:52:09 - INFO - args -   fix_emb: no
12/14/2023 21:52:09 - INFO - args -   fix_model: yes
12/14/2023 21:52:09 - INFO - args -   cross_attn: yes
12/14/2023 21:52:09 - INFO - args -   gaussian: yes
12/14/2023 21:52:09 - INFO - args -   bias: yes
12/14/2023 21:52:09 - INFO - args -   owner_id: new
12/14/2023 21:52:09 - INFO - args -   rg_activate_fn: softplus
12/14/2023 21:52:09 - INFO - args -   num_epochs: 2000
12/14/2023 21:52:09 - INFO - args -   eval_step: 50
12/14/2023 21:52:09 - INFO - args -   e_dim: 10
12/14/2023 21:52:09 - INFO - args -   sample_size: 3000
12/14/2023 21:52:09 - INFO - args -   lr: 0.0001
12/14/2023 21:52:09 - INFO - args -   rg_weight: 100.0
12/14/2023 21:52:09 - INFO - args -   lp_weight: 1.0
12/14/2023 21:52:09 - INFO - args -   rank_weight: 0.1
12/14/2023 21:52:09 - INFO - args -   con_weight: 0.05
12/14/2023 21:52:09 - INFO - args -   diff_weight: 1.0
12/14/2023 21:52:09 - INFO - args -   seed: 0
12/14/2023 21:52:09 - INFO - args -   k: 3
12/14/2023 21:52:09 - INFO - args -   initial_embedding: no
12/14/2023 21:52:09 - INFO - args -   date: 1
12/14/2023 21:52:09 - INFO - args -   load_state_path: None
12/14/2023 21:52:09 - INFO - args -   load_node_embedding_path: None
12/14/2023 21:52:09 - INFO - args -   load_time_embedding_path: None
12/14/2023 21:52:09 - INFO - args -   start_date: None
12/14/2023 21:52:09 - INFO - args -   task2_strategy: last
12/14/2023 21:52:09 - INFO - args -   adaptive: yes
12/14/2023 21:52:09 - INFO - args -   root_dir: epoch_2000_k_3_lr_0.0001_initalembed_no_seed_0/
12/14/2023 21:52:09 - INFO - args -   identity: rglossfn_tweedie_activate_softplus_rgweight_100.0_lpweight_1.0_rankweight_0.1_conweight_0.05_gaussian_yes_crossattn_yes_bias_yes
12/14/2023 21:52:09 - INFO - args -   checkpoint_path: outputs/new_checkpoints/task1/Fin/epoch_2000_k_3_lr_0.0001_initalembed_no_seed_0/rglossfn_tweedie_activate_softplus_rgweight_100.0_lpweight_1.0_rankweight_0.1_conweight_0.05_gaussian_yes_crossattn_yes_bias_yes.pt
12/14/2023 21:52:09 - INFO - args -   log_path: outputs/new_logs/task1/Fin/train/epoch_2000_k_3_lr_0.0001_initalembed_no_seed_0/rglossfn_tweedie_activate_softplus_rgweight_100.0_lpweight_1.0_rankweight_0.1_conweight_0.05_gaussian_yes_crossattn_yes_bias_yes.log
12/14/2023 21:52:09 - INFO - args -   results_path: outputs/new_results/task1/Fin/train/epoch_2000_k_3_lr_0.0001_initalembed_no_seed_0/rglossfn_tweedie_activate_softplus_rgweight_100.0_lpweight_1.0_rankweight_0.1_conweight_0.05_gaussian_yes_crossattn_yes_bias_yes.pt
12/14/2023 21:52:09 - INFO - args -   scores_path: outputs/new_scores/task1/Fin/train/epoch_2000_k_3_lr_0.0001_initalembed_no_seed_0/rglossfn_tweedie_activate_softplus_rgweight_100.0_lpweight_1.0_rankweight_0.1_conweight_0.05_gaussian_yes_crossattn_yes_bias_yes.pt
12/14/2023 21:52:09 - INFO - args -   node_embedding_path: outputs/new_node_embedding/task1/Fin/train/epoch_2000_k_3_lr_0.0001_initalembed_no_seed_0/rglossfn_tweedie_activate_softplus_rgweight_100.0_lpweight_1.0_rankweight_0.1_conweight_0.05_gaussian_yes_crossattn_yes_bias_yes_node.pt
12/14/2023 21:52:10 - WARN - matplotlib -   Duplicate key in file PosixPath('/opt/conda/envs/pyg/lib/python3.8/site-packages/matplotlib/mpl-data/matplotlibrc'), line 768 ('font.family : sans-serif ')
12/14/2023 21:52:10 - WARN - matplotlib -   Duplicate key in file PosixPath('/opt/conda/envs/pyg/lib/python3.8/site-packages/matplotlib/mpl-data/matplotlibrc'), line 769 ('font.sans-serif : SimHei ')
12/14/2023 21:52:10 - WARN - matplotlib -   Duplicate key in file PosixPath('/opt/conda/envs/pyg/lib/python3.8/site-packages/matplotlib/mpl-data/matplotlibrc'), line 770 ('axes.unicode_minus : False ')
